Build started 2015-01-25 18:52:02.
     1>Project "C:\Users\Mateusz\documents\visual studio 2013\Projects\projASMnet\projASMnet\projASMnet.vcxproj" on node 2 (_MASM target(s)).
     1>_MASM:
         Assembling funkcja.asm...
         cmd.exe /C "C:\Users\Mateusz\AppData\Local\Temp\tmp9bb8e3c6491d4b2f85ca1ddccad9bf51.cmd"
         ml.exe /c /nologo /Zi /Fo"Debug\funkcja.obj" /W3 /errorReport:prompt  /Tafunkcja.asm
     1>funkcja.asm(268): error A2006: undefined symbol : go_right_end
     1>funkcja.asm(276): error A2022: instruction operands must be the same size
     1>funkcja.asm(217): warning A6004: procedure argument or local not referenced : input_text
     1>funkcja.asm(217): warning A6004: procedure argument or local not referenced : output_data
     1>C:\Program Files (x86)\MSBuild\Microsoft.Cpp\v4.0\V120\BuildCustomizations\masm.targets(50,5): error MSB3721: The command "ml.exe /c /nologo /Zi /Fo"Debug\funkcja.obj" /W3 /errorReport:prompt  /Tafunkcja.asm" exited with code 1.
     1>Done Building Project "C:\Users\Mateusz\documents\visual studio 2013\Projects\projASMnet\projASMnet\projASMnet.vcxproj" (_MASM target(s)) -- FAILED.

Build FAILED.

Time Elapsed 00:00:00.25
